This file contains any messages produced by compilers while
running configure, to aid debugging if configure makes a mistake.

It was created by tuxtype configure 1.5.13, which was
generated by GNU Autoconf 2.61.  Invocation command line was

  $ configure --cache-file=cross-config.cache --target=i586-mingw32msvc --host=i586-mingw32msvc --build=i386-linux --prefix=/usr/local/cross-tools/i586-mingw32msvc --with-sdl-prefix

## --------- ##
## Platform. ##
## --------- ##

hostname = laurasbox.home
uname -m = i686
uname -r = 2.6.21
uname -s = Linux
uname -v = #3 PREEMPT Thu Jul 19 18:43:34 EDT 2007

/usr/bin/uname -p = unknown
/bin/uname -X     = unknown

/bin/arch              = i686
/usr/bin/arch -k       = unknown
/usr/convex/getsysinfo = unknown
/usr/bin/hostinfo      = unknown
/bin/machine           = unknown
/usr/bin/oslevel       = unknown
/bin/universe          = unknown

PATH: /usr/local/cross-tools/bin
PATH: /usr/local/cross-tools/i586-mingw32msvc/bin
PATH: /usr/local/bin
PATH: /usr/bin
PATH: /bin
PATH: /usr/bin/X11
PATH: /usr/games


## ----------- ##
## Core tests. ##
## ----------- ##

configure:1682: creating cache cross-config.cache
configure:1804: checking build system type
configure:1822: result: i386-pc-linux-gnu
configure:1844: checking host system type
configure:1859: result: i586-pc-mingw32msvc
configure:1881: checking target system type
configure:1896: result: i586-pc-mingw32msvc
configure:1941: checking for a BSD-compatible install
configure:1997: result: /usr/bin/install -c
configure:2008: checking whether build environment is sane
configure:2051: result: yes
configure:2079: checking for a thread-safe mkdir -p
configure:2118: result: /bin/mkdir -p
configure:2131: checking for gawk
configure:2161: result: no
configure:2131: checking for mawk
configure:2147: found /usr/bin/mawk
configure:2158: result: mawk
configure:2169: checking whether make sets $(MAKE)
configure:2190: result: yes
configure:2270: checking for i586-mingw32msvc-strip
configure:2300: result: no
configure:2310: checking for strip
configure:2326: found /usr/bin/strip
configure:2337: result: strip
configure:2351: WARNING: In the future, Autoconf will not detect cross-tools
whose name does not start with the host triplet.  If you think this
configuration is useful to you, please write to autoconf@gnu.org.
configure:2390: checking for i586-mingw32msvc-gcc
configure:2420: result: no
configure:2430: checking for gcc
configure:2446: found /usr/bin/gcc
configure:2457: result: gcc
configure:2695: checking for C compiler version
configure:2702: gcc --version >&5
gcc (GCC) 4.1.3 20070629 (prerelease) (Debian 4.1.2-13)
Copyright (C) 2006 Free Software Foundation, Inc.
This is free software; see the source for copying conditions.  There is NO
warranty; not even for MERCHANTABILITY or FITNESS FOR A PARTICULAR PURPOSE.

configure:2705: $? = 0
configure:2712: gcc -v >&5
Using built-in specs.
Target: i486-linux-gnu
Configured with: ../src/configure -v --enable-languages=c,c++,fortran,objc,obj-c++,treelang --prefix=/usr --enable-shared --with-system-zlib --libexecdir=/usr/lib --without-included-gettext --enable-threads=posix --enable-nls --with-gxx-include-dir=/usr/include/c++/4.1.3 --program-suffix=-4.1 --enable-__cxa_atexit --enable-clocale=gnu --enable-libstdcxx-debug --enable-mpfr --with-tune=i686 --enable-checking=release i486-linux-gnu
Thread model: posix
gcc version 4.1.3 20070629 (prerelease) (Debian 4.1.2-13)
configure:2715: $? = 0
configure:2722: gcc -V >&5
gcc: '-V' option must have argument
configure:2725: $? = 1
configure:2748: checking for C compiler default output file name
configure:2775: gcc  -I/usr/local/cross-tools/i586-mingw32msvc/include -L/usr/local/cross-tools/i586-mingw32msvc/lib conftest.c  >&5
configure:2778: $? = 0
configure:2816: result: a.out
configure:2833: checking whether the C compiler works
configure:2863: result: yes
configure:2870: checking whether we are cross compiling
configure:2872: result: yes
configure:2875: checking for suffix of executables
configure:2882: gcc -o conftest  -I/usr/local/cross-tools/i586-mingw32msvc/include -L/usr/local/cross-tools/i586-mingw32msvc/lib conftest.c  >&5
configure:2885: $? = 0
configure:2909: result: 
configure:2915: checking for suffix of object files
configure:2941: gcc -c  -I/usr/local/cross-tools/i586-mingw32msvc/include conftest.c >&5
configure:2944: $? = 0
configure:2967: result: o
configure:2971: checking whether we are using the GNU C compiler
configure:3000: gcc -c  -I/usr/local/cross-tools/i586-mingw32msvc/include conftest.c >&5
configure:3006: $? = 0
configure:3023: result: yes
configure:3028: checking whether gcc accepts -g
configure:3058: gcc -c -g -I/usr/local/cross-tools/i586-mingw32msvc/include conftest.c >&5
configure:3064: $? = 0
configure:3163: result: yes
configure:3180: checking for gcc option to accept ISO C89
configure:3254: gcc  -c -g -O2 -I/usr/local/cross-tools/i586-mingw32msvc/include conftest.c >&5
configure:3260: $? = 0
configure:3283: result: none needed
configure:3312: checking for style of include used by make
configure:3340: result: GNU
configure:3365: checking dependency style of gcc
configure:3456: result: gcc3
configure:3484: checking for a BSD-compatible install
configure:3540: result: /usr/bin/install -c
configure:3551: checking whether ln -s works
configure:3555: result: yes
configure:3562: checking whether make sets $(MAKE)
configure:3583: result: yes
configure:3650: checking for sdl-config
configure:3668: found /usr/bin/sdl-config
configure:3681: result: /usr/bin/sdl-config
configure:3690: checking for SDL - version >= 1.2.5
configure:3819: result: yes
configure:3918: checking for Mix_PlayMusic in -lSDL_mixer
configure:3953: gcc -o conftest -g -O2 -I/usr/local/cross-tools/i586-mingw32msvc/include -L/usr/local/cross-tools/i586-mingw32msvc/lib conftest.c -lSDL_mixer   >&5
configure:3959: $? = 0
configure:3977: result: yes
configure:3993: checking for TTF_Init in -lSDL_ttf
configure:4028: gcc -o conftest -g -O2 -I/usr/local/cross-tools/i586-mingw32msvc/include -L/usr/local/cross-tools/i586-mingw32msvc/lib conftest.c -lSDL_ttf  -lSDL_mixer  >&5
configure:4034: $? = 0
configure:4052: result: yes
configure:4068: checking for IMG_Load in -lSDL_image
configure:4103: gcc -o conftest -g -O2 -I/usr/local/cross-tools/i586-mingw32msvc/include -L/usr/local/cross-tools/i586-mingw32msvc/lib conftest.c -lSDL_image  -lSDL_ttf -lSDL_mixer  >&5
configure:4109: $? = 0
configure:4127: result: yes
configure:4145: checking for SDLPango_Init in -lSDL_Pango
configure:4180: gcc -o conftest -g -O2 -I/usr/local/cross-tools/i586-mingw32msvc/include -L/usr/local/cross-tools/i586-mingw32msvc/lib conftest.c -lSDL_Pango  -lSDL_image -lSDL_ttf -lSDL_mixer  >&5
configure:4186: $? = 0
configure:4204: result: yes
configure:4228: checking for native Win32
configure:4238: result: yes
configure:4263: checking for i586-mingw32msvc-windres
configure:4294: result: no
configure:4311: checking how to run the C preprocessor
configure:4351: gcc -E -I/usr/local/cross-tools/i586-mingw32msvc/include -idirafter /usr/local/cross-tools/i586-mingw32msvc/include/glibc conftest.c
configure:4357: $? = 0
configure:4388: gcc -E -I/usr/local/cross-tools/i586-mingw32msvc/include -idirafter /usr/local/cross-tools/i586-mingw32msvc/include/glibc conftest.c
conftest.c:15:28: error: ac_nonexistent.h: No such file or directory
configure:4394: $? = 1
configure: failed program was:
| /* confdefs.h.  */
| #define PACKAGE_NAME "tuxtype"
| #define PACKAGE_TARNAME "tuxtype"
| #define PACKAGE_VERSION "1.5.13"
| #define PACKAGE_STRING "tuxtype 1.5.13"
| #define PACKAGE_BUGREPORT "tuxmath-devel@lists.sourceforge.net"
| #define PACKAGE "tuxtype"
| #define VERSION "1.5.13"
| #define HAVE_LIBSDL_MIXER 1
| #define HAVE_LIBSDL_TTF 1
| #define HAVE_LIBSDL_IMAGE 1
| #define HAVE_LIBSDL_PANGO 1
| #define BUILD_MINGW32 1
| /* end confdefs.h.  */
| #include <ac_nonexistent.h>
configure:4427: result: gcc -E
configure:4456: gcc -E -I/usr/local/cross-tools/i586-mingw32msvc/include -idirafter /usr/local/cross-tools/i586-mingw32msvc/include/glibc conftest.c
configure:4462: $? = 0
configure:4493: gcc -E -I/usr/local/cross-tools/i586-mingw32msvc/include -idirafter /usr/local/cross-tools/i586-mingw32msvc/include/glibc conftest.c
conftest.c:15:28: error: ac_nonexistent.h: No such file or directory
configure:4499: $? = 1
configure: failed program was:
| /* confdefs.h.  */
| #define PACKAGE_NAME "tuxtype"
| #define PACKAGE_TARNAME "tuxtype"
| #define PACKAGE_VERSION "1.5.13"
| #define PACKAGE_STRING "tuxtype 1.5.13"
| #define PACKAGE_BUGREPORT "tuxmath-devel@lists.sourceforge.net"
| #define PACKAGE "tuxtype"
| #define VERSION "1.5.13"
| #define HAVE_LIBSDL_MIXER 1
| #define HAVE_LIBSDL_TTF 1
| #define HAVE_LIBSDL_IMAGE 1
| #define HAVE_LIBSDL_PANGO 1
| #define BUILD_MINGW32 1
| /* end confdefs.h.  */
| #include <ac_nonexistent.h>
configure:4537: checking for grep that handles long lines and -e
configure:4611: result: /bin/grep
configure:4616: checking for egrep
configure:4694: result: /bin/grep -E
configure:4699: checking for ANSI C header files
configure:4729: gcc -c -g -O2 -I/usr/include/SDL -D_GNU_SOURCE=1 -D_REENTRANT -D__GW32__ -I/usr/local/cross-tools/i586-mingw32msvc/include -idirafter /usr/local/cross-tools/i586-mingw32msvc/include/glibc conftest.c >&5
configure:4735: $? = 0
configure:4863: result: yes
configure:4887: checking for sys/types.h
configure:4908: gcc -c -g -O2 -I/usr/include/SDL -D_GNU_SOURCE=1 -D_REENTRANT -D__GW32__ -I/usr/local/cross-tools/i586-mingw32msvc/include -idirafter /usr/local/cross-tools/i586-mingw32msvc/include/glibc conftest.c >&5
configure:4914: $? = 0
configure:4930: result: yes
configure:4887: checking for sys/stat.h
configure:4908: gcc -c -g -O2 -I/usr/include/SDL -D_GNU_SOURCE=1 -D_REENTRANT -D__GW32__ -I/usr/local/cross-tools/i586-mingw32msvc/include -idirafter /usr/local/cross-tools/i586-mingw32msvc/include/glibc conftest.c >&5
configure:4914: $? = 0
configure:4930: result: yes
configure:4887: checking for stdlib.h
configure:4908: gcc -c -g -O2 -I/usr/include/SDL -D_GNU_SOURCE=1 -D_REENTRANT -D__GW32__ -I/usr/local/cross-tools/i586-mingw32msvc/include -idirafter /usr/local/cross-tools/i586-mingw32msvc/include/glibc conftest.c >&5
configure:4914: $? = 0
configure:4930: result: yes
configure:4887: checking for string.h
configure:4908: gcc -c -g -O2 -I/usr/include/SDL -D_GNU_SOURCE=1 -D_REENTRANT -D__GW32__ -I/usr/local/cross-tools/i586-mingw32msvc/include -idirafter /usr/local/cross-tools/i586-mingw32msvc/include/glibc conftest.c >&5
configure:4914: $? = 0
configure:4930: result: yes
configure:4887: checking for memory.h
configure:4908: gcc -c -g -O2 -I/usr/include/SDL -D_GNU_SOURCE=1 -D_REENTRANT -D__GW32__ -I/usr/local/cross-tools/i586-mingw32msvc/include -idirafter /usr/local/cross-tools/i586-mingw32msvc/include/glibc conftest.c >&5
configure:4914: $? = 0
configure:4930: result: yes
configure:4887: checking for strings.h
configure:4908: gcc -c -g -O2 -I/usr/include/SDL -D_GNU_SOURCE=1 -D_REENTRANT -D__GW32__ -I/usr/local/cross-tools/i586-mingw32msvc/include -idirafter /usr/local/cross-tools/i586-mingw32msvc/include/glibc conftest.c >&5
configure:4914: $? = 0
configure:4930: result: yes
configure:4887: checking for inttypes.h
configure:4908: gcc -c -g -O2 -I/usr/include/SDL -D_GNU_SOURCE=1 -D_REENTRANT -D__GW32__ -I/usr/local/cross-tools/i586-mingw32msvc/include -idirafter /usr/local/cross-tools/i586-mingw32msvc/include/glibc conftest.c >&5
configure:4914: $? = 0
configure:4930: result: yes
configure:4887: checking for stdint.h
configure:4908: gcc -c -g -O2 -I/usr/include/SDL -D_GNU_SOURCE=1 -D_REENTRANT -D__GW32__ -I/usr/local/cross-tools/i586-mingw32msvc/include -idirafter /usr/local/cross-tools/i586-mingw32msvc/include/glibc conftest.c >&5
configure:4914: $? = 0
configure:4930: result: yes
configure:4887: checking for unistd.h
configure:4908: gcc -c -g -O2 -I/usr/include/SDL -D_GNU_SOURCE=1 -D_REENTRANT -D__GW32__ -I/usr/local/cross-tools/i586-mingw32msvc/include -idirafter /usr/local/cross-tools/i586-mingw32msvc/include/glibc conftest.c >&5
configure:4914: $? = 0
configure:4930: result: yes
configure:4948: checking for stdlib.h
configure:4954: result: yes
configure:4948: checking for string.h
configure:4954: result: yes
configure:5090: checking for an ANSI C-conforming const
configure:5165: gcc -c -g -O2 -I/usr/include/SDL -D_GNU_SOURCE=1 -D_REENTRANT -D__GW32__ -I/usr/local/cross-tools/i586-mingw32msvc/include -idirafter /usr/local/cross-tools/i586-mingw32msvc/include/glibc conftest.c >&5
configure:5171: $? = 0
configure:5186: result: yes
configure:5196: checking for inline
configure:5222: gcc -c -g -O2 -I/usr/include/SDL -D_GNU_SOURCE=1 -D_REENTRANT -D__GW32__ -I/usr/local/cross-tools/i586-mingw32msvc/include -idirafter /usr/local/cross-tools/i586-mingw32msvc/include/glibc conftest.c >&5
configure:5228: $? = 0
configure:5246: result: inline
configure:5275: checking for atexit
configure:5331: gcc -o conftest -g -O2 -I/usr/include/SDL -D_GNU_SOURCE=1 -D_REENTRANT -D__GW32__ -I/usr/local/cross-tools/i586-mingw32msvc/include -idirafter /usr/local/cross-tools/i586-mingw32msvc/include/glibc -L/usr/local/cross-tools/i586-mingw32msvc/lib conftest.c -lmingw32 -lSDLmain -L/usr/lib -lSDL -lSDL_Pango -lSDL_image -lSDL_ttf -lSDL_mixer  -lgw32c -luuid -lole32 -lwsock32 -mwindows >&5
cc1: error: unrecognized command line option "-mwindows"
configure:5337: $? = 1
configure: failed program was:
| /* confdefs.h.  */
| #define PACKAGE_NAME "tuxtype"
| #define PACKAGE_TARNAME "tuxtype"
| #define PACKAGE_VERSION "1.5.13"
| #define PACKAGE_STRING "tuxtype 1.5.13"
| #define PACKAGE_BUGREPORT "tuxmath-devel@lists.sourceforge.net"
| #define PACKAGE "tuxtype"
| #define VERSION "1.5.13"
| #define HAVE_LIBSDL_MIXER 1
| #define HAVE_LIBSDL_TTF 1
| #define HAVE_LIBSDL_IMAGE 1
| #define HAVE_LIBSDL_PANGO 1
| #define BUILD_MINGW32 1
| #define STDC_HEADERS 1
| #define HAVE_SYS_TYPES_H 1
| #define HAVE_SYS_STAT_H 1
| #define HAVE_STDLIB_H 1
| #define HAVE_STRING_H 1
| #define HAVE_MEMORY_H 1
| #define HAVE_STRINGS_H 1
| #define HAVE_INTTYPES_H 1
| #define HAVE_STDINT_H 1
| #define HAVE_UNISTD_H 1
| #define HAVE_STDLIB_H 1
| #define HAVE_STRING_H 1
| /* end confdefs.h.  */
| /* Define atexit to an innocuous variant, in case <limits.h> declares atexit.
|    For example, HP-UX 11i <limits.h> declares gettimeofday.  */
| #define atexit innocuous_atexit
| 
| /* System header to define __stub macros and hopefully few prototypes,
|     which can conflict with char atexit (); below.
|     Prefer <limits.h> to <assert.h> if __STDC__ is defined, since
|     <limits.h> exists even on freestanding compilers.  */
| 
| #ifdef __STDC__
| # include <limits.h>
| #else
| # include <assert.h>
| #endif
| 
| #undef atexit
| 
| /* Override any GCC internal prototype to avoid an error.
|    Use char because int might match the return type of a GCC
|    builtin and then its argument prototype would still apply.  */
| #ifdef __cplusplus
| extern "C"
| #endif
| char atexit ();
| /* The GNU C library defines this for functions which it implements
|     to always fail with ENOSYS.  Some functions are actually named
|     something starting with __ and the normal name is an alias.  */
| #if defined __stub_atexit || defined __stub___atexit
| choke me
| #endif
| 
| int
| main ()
| {
| return atexit ();
|   ;
|   return 0;
| }
configure:5355: result: no
configure:5275: checking for memset
configure:5331: gcc -o conftest -g -O2 -I/usr/include/SDL -D_GNU_SOURCE=1 -D_REENTRANT -D__GW32__ -I/usr/local/cross-tools/i586-mingw32msvc/include -idirafter /usr/local/cross-tools/i586-mingw32msvc/include/glibc -L/usr/local/cross-tools/i586-mingw32msvc/lib conftest.c -lmingw32 -lSDLmain -L/usr/lib -lSDL -lSDL_Pango -lSDL_image -lSDL_ttf -lSDL_mixer  -lgw32c -luuid -lole32 -lwsock32 -mwindows >&5
cc1: error: unrecognized command line option "-mwindows"
configure:5337: $? = 1
configure: failed program was:
| /* confdefs.h.  */
| #define PACKAGE_NAME "tuxtype"
| #define PACKAGE_TARNAME "tuxtype"
| #define PACKAGE_VERSION "1.5.13"
| #define PACKAGE_STRING "tuxtype 1.5.13"
| #define PACKAGE_BUGREPORT "tuxmath-devel@lists.sourceforge.net"
| #define PACKAGE "tuxtype"
| #define VERSION "1.5.13"
| #define HAVE_LIBSDL_MIXER 1
| #define HAVE_LIBSDL_TTF 1
| #define HAVE_LIBSDL_IMAGE 1
| #define HAVE_LIBSDL_PANGO 1
| #define BUILD_MINGW32 1
| #define STDC_HEADERS 1
| #define HAVE_SYS_TYPES_H 1
| #define HAVE_SYS_STAT_H 1
| #define HAVE_STDLIB_H 1
| #define HAVE_STRING_H 1
| #define HAVE_MEMORY_H 1
| #define HAVE_STRINGS_H 1
| #define HAVE_INTTYPES_H 1
| #define HAVE_STDINT_H 1
| #define HAVE_UNISTD_H 1
| #define HAVE_STDLIB_H 1
| #define HAVE_STRING_H 1
| /* end confdefs.h.  */
| /* Define memset to an innocuous variant, in case <limits.h> declares memset.
|    For example, HP-UX 11i <limits.h> declares gettimeofday.  */
| #define memset innocuous_memset
| 
| /* System header to define __stub macros and hopefully few prototypes,
|     which can conflict with char memset (); below.
|     Prefer <limits.h> to <assert.h> if __STDC__ is defined, since
|     <limits.h> exists even on freestanding compilers.  */
| 
| #ifdef __STDC__
| # include <limits.h>
| #else
| # include <assert.h>
| #endif
| 
| #undef memset
| 
| /* Override any GCC internal prototype to avoid an error.
|    Use char because int might match the return type of a GCC
|    builtin and then its argument prototype would still apply.  */
| #ifdef __cplusplus
| extern "C"
| #endif
| char memset ();
| /* The GNU C library defines this for functions which it implements
|     to always fail with ENOSYS.  Some functions are actually named
|     something starting with __ and the normal name is an alias.  */
| #if defined __stub_memset || defined __stub___memset
| choke me
| #endif
| 
| int
| main ()
| {
| return memset ();
|   ;
|   return 0;
| }
configure:5355: result: no
configure:5275: checking for strchr
configure:5331: gcc -o conftest -g -O2 -I/usr/include/SDL -D_GNU_SOURCE=1 -D_REENTRANT -D__GW32__ -I/usr/local/cross-tools/i586-mingw32msvc/include -idirafter /usr/local/cross-tools/i586-mingw32msvc/include/glibc -L/usr/local/cross-tools/i586-mingw32msvc/lib conftest.c -lmingw32 -lSDLmain -L/usr/lib -lSDL -lSDL_Pango -lSDL_image -lSDL_ttf -lSDL_mixer  -lgw32c -luuid -lole32 -lwsock32 -mwindows >&5
cc1: error: unrecognized command line option "-mwindows"
configure:5337: $? = 1
configure: failed program was:
| /* confdefs.h.  */
| #define PACKAGE_NAME "tuxtype"
| #define PACKAGE_TARNAME "tuxtype"
| #define PACKAGE_VERSION "1.5.13"
| #define PACKAGE_STRING "tuxtype 1.5.13"
| #define PACKAGE_BUGREPORT "tuxmath-devel@lists.sourceforge.net"
| #define PACKAGE "tuxtype"
| #define VERSION "1.5.13"
| #define HAVE_LIBSDL_MIXER 1
| #define HAVE_LIBSDL_TTF 1
| #define HAVE_LIBSDL_IMAGE 1
| #define HAVE_LIBSDL_PANGO 1
| #define BUILD_MINGW32 1
| #define STDC_HEADERS 1
| #define HAVE_SYS_TYPES_H 1
| #define HAVE_SYS_STAT_H 1
| #define HAVE_STDLIB_H 1
| #define HAVE_STRING_H 1
| #define HAVE_MEMORY_H 1
| #define HAVE_STRINGS_H 1
| #define HAVE_INTTYPES_H 1
| #define HAVE_STDINT_H 1
| #define HAVE_UNISTD_H 1
| #define HAVE_STDLIB_H 1
| #define HAVE_STRING_H 1
| /* end confdefs.h.  */
| /* Define strchr to an innocuous variant, in case <limits.h> declares strchr.
|    For example, HP-UX 11i <limits.h> declares gettimeofday.  */
| #define strchr innocuous_strchr
| 
| /* System header to define __stub macros and hopefully few prototypes,
|     which can conflict with char strchr (); below.
|     Prefer <limits.h> to <assert.h> if __STDC__ is defined, since
|     <limits.h> exists even on freestanding compilers.  */
| 
| #ifdef __STDC__
| # include <limits.h>
| #else
| # include <assert.h>
| #endif
| 
| #undef strchr
| 
| /* Override any GCC internal prototype to avoid an error.
|    Use char because int might match the return type of a GCC
|    builtin and then its argument prototype would still apply.  */
| #ifdef __cplusplus
| extern "C"
| #endif
| char strchr ();
| /* The GNU C library defines this for functions which it implements
|     to always fail with ENOSYS.  Some functions are actually named
|     something starting with __ and the normal name is an alias.  */
| #if defined __stub_strchr || defined __stub___strchr
| choke me
| #endif
| 
| int
| main ()
| {
| return strchr ();
|   ;
|   return 0;
| }
configure:5355: result: no
configure:5275: checking for strstr
configure:5331: gcc -o conftest -g -O2 -I/usr/include/SDL -D_GNU_SOURCE=1 -D_REENTRANT -D__GW32__ -I/usr/local/cross-tools/i586-mingw32msvc/include -idirafter /usr/local/cross-tools/i586-mingw32msvc/include/glibc -L/usr/local/cross-tools/i586-mingw32msvc/lib conftest.c -lmingw32 -lSDLmain -L/usr/lib -lSDL -lSDL_Pango -lSDL_image -lSDL_ttf -lSDL_mixer  -lgw32c -luuid -lole32 -lwsock32 -mwindows >&5
cc1: error: unrecognized command line option "-mwindows"
configure:5337: $? = 1
configure: failed program was:
| /* confdefs.h.  */
| #define PACKAGE_NAME "tuxtype"
| #define PACKAGE_TARNAME "tuxtype"
| #define PACKAGE_VERSION "1.5.13"
| #define PACKAGE_STRING "tuxtype 1.5.13"
| #define PACKAGE_BUGREPORT "tuxmath-devel@lists.sourceforge.net"
| #define PACKAGE "tuxtype"
| #define VERSION "1.5.13"
| #define HAVE_LIBSDL_MIXER 1
| #define HAVE_LIBSDL_TTF 1
| #define HAVE_LIBSDL_IMAGE 1
| #define HAVE_LIBSDL_PANGO 1
| #define BUILD_MINGW32 1
| #define STDC_HEADERS 1
| #define HAVE_SYS_TYPES_H 1
| #define HAVE_SYS_STAT_H 1
| #define HAVE_STDLIB_H 1
| #define HAVE_STRING_H 1
| #define HAVE_MEMORY_H 1
| #define HAVE_STRINGS_H 1
| #define HAVE_INTTYPES_H 1
| #define HAVE_STDINT_H 1
| #define HAVE_UNISTD_H 1
| #define HAVE_STDLIB_H 1
| #define HAVE_STRING_H 1
| /* end confdefs.h.  */
| /* Define strstr to an innocuous variant, in case <limits.h> declares strstr.
|    For example, HP-UX 11i <limits.h> declares gettimeofday.  */
| #define strstr innocuous_strstr
| 
| /* System header to define __stub macros and hopefully few prototypes,
|     which can conflict with char strstr (); below.
|     Prefer <limits.h> to <assert.h> if __STDC__ is defined, since
|     <limits.h> exists even on freestanding compilers.  */
| 
| #ifdef __STDC__
| # include <limits.h>
| #else
| # include <assert.h>
| #endif
| 
| #undef strstr
| 
| /* Override any GCC internal prototype to avoid an error.
|    Use char because int might match the return type of a GCC
|    builtin and then its argument prototype would still apply.  */
| #ifdef __cplusplus
| extern "C"
| #endif
| char strstr ();
| /* The GNU C library defines this for functions which it implements
|     to always fail with ENOSYS.  Some functions are actually named
|     something starting with __ and the normal name is an alias.  */
| #if defined __stub_strstr || defined __stub___strstr
| choke me
| #endif
| 
| int
| main ()
| {
| return strstr ();
|   ;
|   return 0;
| }
configure:5355: result: no
configure:5275: checking for malloc
configure:5331: gcc -o conftest -g -O2 -I/usr/include/SDL -D_GNU_SOURCE=1 -D_REENTRANT -D__GW32__ -I/usr/local/cross-tools/i586-mingw32msvc/include -idirafter /usr/local/cross-tools/i586-mingw32msvc/include/glibc -L/usr/local/cross-tools/i586-mingw32msvc/lib conftest.c -lmingw32 -lSDLmain -L/usr/lib -lSDL -lSDL_Pango -lSDL_image -lSDL_ttf -lSDL_mixer  -lgw32c -luuid -lole32 -lwsock32 -mwindows >&5
cc1: error: unrecognized command line option "-mwindows"
configure:5337: $? = 1
configure: failed program was:
| /* confdefs.h.  */
| #define PACKAGE_NAME "tuxtype"
| #define PACKAGE_TARNAME "tuxtype"
| #define PACKAGE_VERSION "1.5.13"
| #define PACKAGE_STRING "tuxtype 1.5.13"
| #define PACKAGE_BUGREPORT "tuxmath-devel@lists.sourceforge.net"
| #define PACKAGE "tuxtype"
| #define VERSION "1.5.13"
| #define HAVE_LIBSDL_MIXER 1
| #define HAVE_LIBSDL_TTF 1
| #define HAVE_LIBSDL_IMAGE 1
| #define HAVE_LIBSDL_PANGO 1
| #define BUILD_MINGW32 1
| #define STDC_HEADERS 1
| #define HAVE_SYS_TYPES_H 1
| #define HAVE_SYS_STAT_H 1
| #define HAVE_STDLIB_H 1
| #define HAVE_STRING_H 1
| #define HAVE_MEMORY_H 1
| #define HAVE_STRINGS_H 1
| #define HAVE_INTTYPES_H 1
| #define HAVE_STDINT_H 1
| #define HAVE_UNISTD_H 1
| #define HAVE_STDLIB_H 1
| #define HAVE_STRING_H 1
| /* end confdefs.h.  */
| /* Define malloc to an innocuous variant, in case <limits.h> declares malloc.
|    For example, HP-UX 11i <limits.h> declares gettimeofday.  */
| #define malloc innocuous_malloc
| 
| /* System header to define __stub macros and hopefully few prototypes,
|     which can conflict with char malloc (); below.
|     Prefer <limits.h> to <assert.h> if __STDC__ is defined, since
|     <limits.h> exists even on freestanding compilers.  */
| 
| #ifdef __STDC__
| # include <limits.h>
| #else
| # include <assert.h>
| #endif
| 
| #undef malloc
| 
| /* Override any GCC internal prototype to avoid an error.
|    Use char because int might match the return type of a GCC
|    builtin and then its argument prototype would still apply.  */
| #ifdef __cplusplus
| extern "C"
| #endif
| char malloc ();
| /* The GNU C library defines this for functions which it implements
|     to always fail with ENOSYS.  Some functions are actually named
|     something starting with __ and the normal name is an alias.  */
| #if defined __stub_malloc || defined __stub___malloc
| choke me
| #endif
| 
| int
| main ()
| {
| return malloc ();
|   ;
|   return 0;
| }
configure:5355: result: no
configure:5407: checking for makensis
configure:5438: result: no
configure:5515: updating cache cross-config.cache
configure:5579: creating ./config.status

## ---------------------- ##
## Running config.status. ##
## ---------------------- ##

This file was extended by tuxtype config.status 1.5.13, which was
generated by GNU Autoconf 2.61.  Invocation command line was

  CONFIG_FILES    = 
  CONFIG_HEADERS  = 
  CONFIG_LINKS    = 
  CONFIG_COMMANDS = 
  $ ./config.status 

on laurasbox.home

config.status:738: creating Makefile
config.status:738: creating tuxtype/Makefile
config.status:738: creating tuxtype/data/Makefile
config.status:738: creating tuxtype/data/fonts/Makefile
config.status:738: creating tuxtype/data/images/Makefile
config.status:738: creating tuxtype/data/images/backgrounds/Makefile
config.status:738: creating tuxtype/data/images/cities/Makefile
config.status:738: creating tuxtype/data/images/comets/Makefile
config.status:738: creating tuxtype/data/images/hands/Makefile
config.status:738: creating tuxtype/data/images/keyboard/Makefile
config.status:738: creating tuxtype/data/images/menu/Makefile
config.status:738: creating tuxtype/data/images/status/Makefile
config.status:738: creating tuxtype/data/images/tux/Makefile
config.status:738: creating tuxtype/data/scripts/Makefile
config.status:738: creating tuxtype/data/sounds/Makefile
config.status:738: creating tuxtype/data/themes/Makefile
config.status:738: creating tuxtype/data/themes/armenian/Makefile
config.status:738: creating tuxtype/data/themes/armenian/images/Makefile
config.status:738: creating tuxtype/data/themes/bokmal/Makefile
config.status:738: creating tuxtype/data/themes/bokmal/words/Makefile
config.status:738: creating tuxtype/data/themes/bokmal/images/Makefile
config.status:738: creating tuxtype/data/themes/bokmal/images/status/Makefile
config.status:738: creating tuxtype/data/themes/brazilian-portuguese/Makefile
config.status:738: creating tuxtype/data/themes/brazilian-portuguese/images/Makefile
config.status:738: creating tuxtype/data/themes/brazilian-portuguese/words/Makefile
config.status:738: creating tuxtype/data/themes/catalan/Makefile
config.status:738: creating tuxtype/data/themes/catalan/words/Makefile
config.status:738: creating tuxtype/data/themes/dansk/Makefile
config.status:738: creating tuxtype/data/themes/dansk/sounds/Makefile
config.status:738: creating tuxtype/data/themes/dansk/words/Makefile
config.status:738: creating tuxtype/data/themes/deutsch/Makefile
config.status:738: creating tuxtype/data/themes/deutsch/words/Makefile
config.status:738: creating tuxtype/data/themes/espanol/Makefile
config.status:738: creating tuxtype/data/themes/espanol/images/Makefile
config.status:738: creating tuxtype/data/themes/espanol/words/Makefile
config.status:738: creating tuxtype/data/themes/euskara/Makefile
config.status:738: creating tuxtype/data/themes/euskara/images/Makefile
config.status:738: creating tuxtype/data/themes/euskara/words/Makefile
config.status:738: creating tuxtype/data/themes/french/Makefile
config.status:738: creating tuxtype/data/themes/french/words/Makefile
config.status:738: creating tuxtype/data/themes/greek/Makefile
config.status:738: creating tuxtype/data/themes/greek/words/Makefile
config.status:738: creating tuxtype/data/themes/italian/Makefile
config.status:738: creating tuxtype/data/themes/italian/words/Makefile
config.status:738: creating tuxtype/data/themes/jamaican/Makefile
config.status:738: creating tuxtype/data/themes/jamaican/images/Makefile
config.status:738: creating tuxtype/data/themes/jamaican/words/Makefile
config.status:738: creating tuxtype/data/themes/lithuanian/Makefile
config.status:738: creating tuxtype/data/themes/lithuanian/images/Makefile
config.status:738: creating tuxtype/data/themes/lithuanian/images/status/Makefile
config.status:738: creating tuxtype/data/themes/lithuanian/sounds/Makefile
config.status:738: creating tuxtype/data/themes/lithuanian/words/Makefile
config.status:738: creating tuxtype/data/themes/malayalam/Makefile
config.status:738: creating tuxtype/data/themes/malayalam/images/Makefile
config.status:738: creating tuxtype/data/themes/malayalam/images/status/Makefile
config.status:738: creating tuxtype/data/themes/malayalam/images/keyboard/Makefile
config.status:738: creating tuxtype/data/themes/malayalam/scripts/Makefile
config.status:738: creating tuxtype/data/themes/malayalam/words/Makefile
config.status:738: creating tuxtype/data/themes/nederlands/Makefile
config.status:738: creating tuxtype/data/themes/nederlands/words/Makefile
config.status:738: creating tuxtype/data/themes/nynorsk/Makefile
config.status:738: creating tuxtype/data/themes/nynorsk/images/Makefile
config.status:738: creating tuxtype/data/themes/nynorsk/images/status/Makefile
config.status:738: creating tuxtype/data/themes/nynorsk/words/Makefile
config.status:738: creating tuxtype/data/themes/russian/Makefile
config.status:738: creating tuxtype/data/themes/russian/images/Makefile
config.status:738: creating tuxtype/data/themes/russian/images/status/Makefile
config.status:738: creating tuxtype/data/themes/russian/words/Makefile
config.status:738: creating tuxtype/data/themes/svenska/Makefile
config.status:738: creating tuxtype/data/themes/svenska/words/Makefile
config.status:738: creating tuxtype/data/themes/swahili/Makefile
config.status:738: creating tuxtype/data/themes/swahili/words/Makefile
config.status:738: creating tuxtype/data/words/Makefile
config.status:738: creating tuxtype/docs/Makefile
config.status:738: creating tuxtype/docs/en/Makefile
config.status:738: creating tuxtype.spec
config.status:738: creating nsis/tuxtype.nsi
config.status:738: creating config.h
config.status:1017: executing depfiles commands

## ---------------- ##
## Cache variables. ##
## ---------------- ##

ac_cv_build=i386-pc-linux-gnu
ac_cv_c_compiler_gnu=yes
ac_cv_c_const=yes
ac_cv_c_inline=inline
ac_cv_env_CC_set=
ac_cv_env_CC_value=
ac_cv_env_CFLAGS_set=
ac_cv_env_CFLAGS_value=
ac_cv_env_CPPFLAGS_set=set
ac_cv_env_CPPFLAGS_value=-I/usr/local/cross-tools/i586-mingw32msvc/include
ac_cv_env_CPP_set=
ac_cv_env_CPP_value=
ac_cv_env_LDFLAGS_set=set
ac_cv_env_LDFLAGS_value=-L/usr/local/cross-tools/i586-mingw32msvc/lib
ac_cv_env_LIBS_set=
ac_cv_env_LIBS_value=
ac_cv_env_build_alias_set=set
ac_cv_env_build_alias_value=i386-linux
ac_cv_env_host_alias_set=set
ac_cv_env_host_alias_value=i586-mingw32msvc
ac_cv_env_target_alias_set=set
ac_cv_env_target_alias_value=i586-mingw32msvc
ac_cv_func_atexit=no
ac_cv_func_malloc=no
ac_cv_func_memset=no
ac_cv_func_strchr=no
ac_cv_func_strstr=no
ac_cv_header_inttypes_h=yes
ac_cv_header_memory_h=yes
ac_cv_header_stdc=yes
ac_cv_header_stdint_h=yes
ac_cv_header_stdlib_h=yes
ac_cv_header_string_h=yes
ac_cv_header_strings_h=yes
ac_cv_header_sys_stat_h=yes
ac_cv_header_sys_types_h=yes
ac_cv_header_unistd_h=yes
ac_cv_host=i586-pc-mingw32msvc
ac_cv_lib_SDL_Pango_SDLPango_Init=yes
ac_cv_lib_SDL_image_IMG_Load=yes
ac_cv_lib_SDL_mixer_Mix_PlayMusic=yes
ac_cv_lib_SDL_ttf_TTF_Init=yes
ac_cv_objext=o
ac_cv_path_EGREP='/bin/grep -E'
ac_cv_path_GREP=/bin/grep
ac_cv_path_NSIS=no
ac_cv_path_SDL_CONFIG=/usr/bin/sdl-config
ac_cv_path_WINDRES=no
ac_cv_path_install='/usr/bin/install -c'
ac_cv_path_mkdir=/bin/mkdir
ac_cv_prog_AWK=mawk
ac_cv_prog_CPP='gcc -E'
ac_cv_prog_ac_ct_CC=gcc
ac_cv_prog_ac_ct_STRIP=strip
ac_cv_prog_cc_c89=
ac_cv_prog_cc_g=yes
ac_cv_prog_make_make_set=yes
ac_cv_target=i586-pc-mingw32msvc
am_cv_CC_dependencies_compiler_type=gcc3

## ----------------- ##
## Output variables. ##
## ----------------- ##

ACLOCAL='${SHELL} /home/dbruce/tux4kids/tuxtype/trunk/missing --run aclocal-1.10'
AMDEPBACKSLASH='\'
AMDEP_FALSE='#'
AMDEP_TRUE=''
AMTAR='${SHELL} /home/dbruce/tux4kids/tuxtype/trunk/missing --run tar'
AUTOCONF='${SHELL} /home/dbruce/tux4kids/tuxtype/trunk/missing --run autoconf'
AUTOHEADER='${SHELL} /home/dbruce/tux4kids/tuxtype/trunk/missing --run autoheader'
AUTOMAKE='${SHELL} /home/dbruce/tux4kids/tuxtype/trunk/missing --run automake-1.10'
AWK='mawk'
BUILD_MINGW32_FALSE='#'
BUILD_MINGW32_TRUE=''
CC='gcc'
CCDEPMODE='depmode=gcc3'
CFLAGS='-g -O2 -I/usr/include/SDL -D_GNU_SOURCE=1 -D_REENTRANT -D__GW32__'
CPP='gcc -E'
CPPFLAGS='-I/usr/local/cross-tools/i586-mingw32msvc/include -idirafter /usr/local/cross-tools/i586-mingw32msvc/include/glibc -DDATA_PREFIX=\"$(prefix)\"'
CYGPATH_W='echo'
DEFS='-DHAVE_CONFIG_H'
DEPDIR='.deps'
ECHO_C=''
ECHO_N='-n'
ECHO_T=''
EGREP='/bin/grep -E'
EXEEXT=''
GREP='/bin/grep'
INSTALL_DATA='${INSTALL} -m 644'
INSTALL_PROGRAM='${INSTALL}'
INSTALL_SCRIPT='${INSTALL}'
INSTALL_STRIP_PROGRAM='$(install_sh) -c -s'
LDFLAGS='-L/usr/local/cross-tools/i586-mingw32msvc/lib'
LIBOBJS=''
LIBS='-lmingw32 -lSDLmain -L/usr/lib -lSDL -lSDL_Pango -lSDL_image -lSDL_ttf -lSDL_mixer  -lgw32c -luuid -lole32 -lwsock32 -mwindows'
LN_S='ln -s'
LTLIBOBJS=''
MAKEINFO='${SHELL} /home/dbruce/tux4kids/tuxtype/trunk/missing --run makeinfo'
NSIS='no'
NSI_BUILD_FALSE='#'
NSI_BUILD_TRUE=''
NSI_DLL_DIR='/home/dbruce/tuxtype_dll'
NSI_INSTALL_DIR='mingw32'
OBJEXT='o'
PACKAGE='tuxtype'
PACKAGE_BUGREPORT='tuxmath-devel@lists.sourceforge.net'
PACKAGE_NAME='tuxtype'
PACKAGE_STRING='tuxtype 1.5.13'
PACKAGE_TARNAME='tuxtype'
PACKAGE_VERSION='1.5.13'
PATH_SEPARATOR=':'
SDL_CFLAGS='-I/usr/include/SDL -D_GNU_SOURCE=1 -D_REENTRANT'
SDL_CONFIG='/usr/bin/sdl-config'
SDL_LIBS='-L/usr/lib -lSDL'
SET_MAKE=''
SHELL='/bin/sh'
STRIP='strip'
VERSION='1.5.13'
WINDRES='no'
ac_ct_CC='gcc'
am__fastdepCC_FALSE='#'
am__fastdepCC_TRUE=''
am__include='include'
am__isrc=''
am__leading_dot='.'
am__quote=''
am__tar='${AMTAR} chof - "$$tardir"'
am__untar='${AMTAR} xf -'
bindir='${exec_prefix}/bin'
build='i386-pc-linux-gnu'
build_alias='i386-linux'
build_cpu='i386'
build_os='linux-gnu'
build_vendor='pc'
datadir='${datarootdir}'
datarootdir='${prefix}/share'
docdir='${datarootdir}/doc/${PACKAGE_TARNAME}'
dvidir='${docdir}'
exec_prefix='${prefix}'
host='i586-pc-mingw32msvc'
host_alias='i586-mingw32msvc'
host_cpu='i586'
host_os='mingw32msvc'
host_vendor='pc'
htmldir='${docdir}'
includedir='${prefix}/include'
infodir='${datarootdir}/info'
install_sh='$(SHELL) /home/dbruce/tux4kids/tuxtype/trunk/install-sh'
libdir='${exec_prefix}/lib'
libexecdir='${exec_prefix}/libexec'
localedir='${datarootdir}/locale'
localstatedir='${prefix}/var'
mandir='${datarootdir}/man'
mkdir_p='/bin/mkdir -p'
oldincludedir='/usr/include'
pdfdir='${docdir}'
prefix='/usr/local/cross-tools/i586-mingw32msvc'
program_transform_name='s&^&i586-mingw32msvc-&'
psdir='${docdir}'
sbindir='${exec_prefix}/sbin'
sharedstatedir='${prefix}/com'
sysconfdir='${prefix}/etc'
target='i586-pc-mingw32msvc'
target_alias='i586-mingw32msvc'
target_cpu='i586'
target_os='mingw32msvc'
target_vendor='pc'

## ----------- ##
## confdefs.h. ##
## ----------- ##

#define PACKAGE_NAME "tuxtype"
#define PACKAGE_TARNAME "tuxtype"
#define PACKAGE_VERSION "1.5.13"
#define PACKAGE_STRING "tuxtype 1.5.13"
#define PACKAGE_BUGREPORT "tuxmath-devel@lists.sourceforge.net"
#define PACKAGE "tuxtype"
#define VERSION "1.5.13"
#define HAVE_LIBSDL_MIXER 1
#define HAVE_LIBSDL_TTF 1
#define HAVE_LIBSDL_IMAGE 1
#define HAVE_LIBSDL_PANGO 1
#define BUILD_MINGW32 1
#define STDC_HEADERS 1
#define HAVE_SYS_TYPES_H 1
#define HAVE_SYS_STAT_H 1
#define HAVE_STDLIB_H 1
#define HAVE_STRING_H 1
#define HAVE_MEMORY_H 1
#define HAVE_STRINGS_H 1
#define HAVE_INTTYPES_H 1
#define HAVE_STDINT_H 1
#define HAVE_UNISTD_H 1
#define HAVE_STDLIB_H 1
#define HAVE_STRING_H 1

configure: exit 0
