0|й
0|Й
0|ф
0|Ф
0|я
0|Я
0|ё
0|Ё
0|1
0|!
0|1
0|!
1|ц
1|Ц
1|ы
1|Ы
1|ч
1|Ч
1|2
1|"
2|у
2|У
2|в
2|В
2|с
2|С
2|3
2|№
3|к
3|К
3|а
3|А
3|м
3|М
3|е
3|Е
3|п
3|П
3|і
3|І
3|4
3|;
3|5
3|%
6|н
6|Н
6|р
6|Р
6|т
6|Т
6|г
6|Г
6|о
6|О
6|ь
6|Ь
6|6
6|:
6|7
6|?
7|ш
7|Ш
7|л
7|Л
7|б
7|Б
7|8
7|*
8|ў
8|Ў
8|д
8|Д
8|ю
8|Ю
8|9
8|(
9|з
9|З
9|х
9|Х
9|ъ
9|Ъ
9|ж
9|Ж
9|э
9|Э
9|.
9|,
9|0
9|)
9|-
9|_
9|=
9|+

0|A
0|a
3|B
3|b
2|C
2|c
2|D
2|d
2|E
2|e
3|F
3|f
3|G
3|g
6|H
6|h
7|I
7|i
6|J
6|j
7|K
7|k
8|L
8|l
6|M
6|m
6|N
6|n
8|O
8|o
9|P
9|p
0|Q
0|q
3|R
3|r
1|S
1|s
3|T
3|t
6|U
6|u
3|V
3|v
1|W
1|w
1|X
1|x
6|Y
6|y
0|Z
0|z
5| 
0|@
0|#
0|1
0|2
0|3
0|4
0|5
0|6
0|7
0|8
0|9
0|0
