# Greek keyboard.lst file.
# The finger associations for English letters are also included because the
# typical Greek keyboard layout is us,gr.
0|A
0|Α|A
0|Ά
0|a
0|α|a
0|ά
3|B
3|Β|B
3|b
3|β|b
2|C
2|Ψ|C
2|c
2|ψ|c
2|D
2|Δ|D
2|d
2|δ|d
2|E
2|Ε|E
2|Έ
2|e
2|ε|e
2|έ
2|€
3|F
3|Φ|F
3|f
3|φ|f
3|G
3|Γ|G
3|g
3|γ|g
6|H
6|Η|H
6|Ή
6|h
6|η|h
6|ή
7|I
7|Ι|I
7|Ί
7|Ϊ
7|i
7|ι|i
7|ί
7|ϊ
7|ΐ
6|J
6|Ξ|J
6|j
6|ξ|j
7|K
7|Κ|K
7|k
7|κ|k
8|L
8|Λ|L
8|l
8|λ|l
6|M
6|Μ|M
6|m
6|μ|m
6|N
6|Ν|N
6|n
6|ν|n
8|O
8|Ο|O
8|Ό
8|o
8|ο|o
8|ό
9|P
9|Π|P
9|p
9|π|p
0|Q
0|:|Q
0|q
0|;|q
0|·
3|R
3|Ρ|R
3|r
3|ρ|r
1|S
1|Σ|S
1|s
1|σ|s
3|T
3|Τ|T
3|t
3|τ|t
6|U
6|Θ|U
6|u
6|θ|u
3|V
3|Ω|V
3|Ώ
3|v
3|ω|v
3|ώ
1|W
1|w
1|ς|w
1|X
1|Χ|X
1|x
1|χ|x
6|Y
6|Υ|Y
6|Ύ
6|Ϋ
6|y
6|υ|y
6|ύ
6|ϋ
6|ΰ
0|Z
0|Ζ|Z
0|z
0|ζ|z
5| | 
0|`|`
0|~|~
0|!|!
0|1|1
1|@|@
1|2|2
2|#|#
2|3|3
3|$|$
3|4|4
3|%|%
3|5|5
5|^|^
5|6|6
5|&|&
5|7|7
6|*|*
6|8|8
7|(|(
7|9|9
8|)|)
8|0|0
9|_|_
9|-|-
9|+|+
9|=|=
9|{|{
9|[|[
9|}|}
9|]|]
9||||
9|\|\
9|´|;
9|'|'
9|"|"
7|<|<
7|,|,
7|«
8|>|>
8|.|.
8|»
9|?|?
9|/|/
