# Default (Thai) keyboard.lst file
0|ฤ
0|ฟ
3|ฺ
3|ิ
2|ฉ
2|แ
2|ฏ
2|ก
2|ฎ
2|ำ
3|โ
3|ด
3|ฌ
3|เ
6|็
6|้
7|ณ
7|ร
6|๋
6|่
7|ษ
7|า
8|ศ
8|ส
6|?
6|ท
6|์
6|ื
8|ฯ
8|น
9|ญ
9|ย
0|๐
0|ๆ
3|ฑ
3|พ
1|ฆ
1|ห
3|ธ
3|ะ
6|๊
6|ี
3|ฮ
3|อ
1|"
1|ไ
1|)
1|ป
6|ํ
6|ั
0|(
0|ผ
5| 
0|+
0|๑
0|๒
0|ๅ
0|/
0|-
0|ภ
0|ถ
0|ุ
0|ึ
0|ค
0|ต
0|จ
7|ม
8|ใ
9|ข
9|๘
9|ช
9|๙
9|ฃ
9|ฅ
9|บ
9|ฐ
9|ล
9|,
9|ว
9|ซ
9|ง
9|.
9|ฝ
9|ฦ
# Added Default (English) keyboard.lst file for English word display
0|A
0|a
3|B
3|b
2|C
2|c
2|D
2|d
2|E
2|e
3|F
3|f
3|G
3|g
6|H
6|h
7|I
7|i
6|J
6|j
7|K
7|k
8|L
8|l
6|M
6|m
6|N
6|n
8|O
8|o
9|P
9|p
0|Q
0|q
3|R
3|r
1|S
1|s
3|T
3|t
6|U
6|u
3|V
3|v
1|W
1|w
1|X
1|x
6|Y
6|y
0|Z
0|z
5| 
0|!
0|@
0|#
0|1
0|2
0|3
0|4
0|5
0|6
0|7
0|8
0|9
0|0
7|,
8|.
9|-
9|_
9|=
9|+
9|\
9||
9|[
9|{
9|]
9|}
9|;
9|:
9|'
9|"
9|/
9|?

